mode: set
/Users/andy/git_home/Katas/Go/gilded-rose/product.go:7.53,9.38 2 1
/Users/andy/git_home/Katas/Go/gilded-rose/product.go:12.2,12.17 1 1
/Users/andy/git_home/Katas/Go/gilded-rose/product.go:9.38,11.3 1 1
/Users/andy/git_home/Katas/Go/gilded-rose/product.go:15.55,21.2 5 1
/Users/andy/git_home/Katas/Go/gilded-rose/sulfuras.go:6.39,7.2 0 1
/Users/andy/git_home/Katas/Go/gilded-rose/texttest_fixture.go:9.13,26.22 5 0
/Users/andy/git_home/Katas/Go/gilded-rose/texttest_fixture.go:35.2,35.34 1 0
/Users/andy/git_home/Katas/Go/gilded-rose/texttest_fixture.go:26.22,28.17 2 0
/Users/andy/git_home/Katas/Go/gilded-rose/texttest_fixture.go:32.3,32.9 1 0
/Users/andy/git_home/Katas/Go/gilded-rose/texttest_fixture.go:28.17,31.4 2 0
/Users/andy/git_home/Katas/Go/gilded-rose/texttest_fixture.go:35.34,38.35 3 0
/Users/andy/git_home/Katas/Go/gilded-rose/texttest_fixture.go:41.3,42.23 2 0
/Users/andy/git_home/Katas/Go/gilded-rose/texttest_fixture.go:38.35,40.4 1 0
/Users/andy/git_home/Katas/Go/gilded-rose/aged-brie.go:7.45,8.23 1 1
/Users/andy/git_home/Katas/Go/gilded-rose/aged-brie.go:11.2,12.42 2 1
/Users/andy/git_home/Katas/Go/gilded-rose/aged-brie.go:8.23,10.3 1 1
/Users/andy/git_home/Katas/Go/gilded-rose/aged-brie.go:12.42,14.3 1 1
/Users/andy/git_home/Katas/Go/gilded-rose/backstage.go:7.46,8.23 1 1
/Users/andy/git_home/Katas/Go/gilded-rose/backstage.go:17.2,18.21 2 1
/Users/andy/git_home/Katas/Go/gilded-rose/backstage.go:8.23,10.23 2 1
/Users/andy/git_home/Katas/Go/gilded-rose/backstage.go:13.3,13.22 1 1
/Users/andy/git_home/Katas/Go/gilded-rose/backstage.go:10.23,12.4 1 1
/Users/andy/git_home/Katas/Go/gilded-rose/backstage.go:13.22,15.4 1 1
/Users/andy/git_home/Katas/Go/gilded-rose/backstage.go:18.21,20.3 1 1
/Users/andy/git_home/Katas/Go/gilded-rose/gilded-rose.go:8.35,9.29 1 1
/Users/andy/git_home/Katas/Go/gilded-rose/gilded-rose.go:9.29,11.3 1 1
/Users/andy/git_home/Katas/Go/gilded-rose/normal.go:6.36,7.22 1 1
/Users/andy/git_home/Katas/Go/gilded-rose/normal.go:11.2,12.41 2 1
/Users/andy/git_home/Katas/Go/gilded-rose/normal.go:7.22,9.3 1 1
/Users/andy/git_home/Katas/Go/gilded-rose/normal.go:12.41,14.3 1 1
